#! /usr/local/Cellar/icarus-verilog/11.0/bin/vvp
:ivl_version "11.0 (stable)";
:ivl_delay_selection "TYPICAL";
:vpi_time_precision + 0;
:vpi_module "/usr/local/Cellar/icarus-verilog/11.0/lib/ivl/system.vpi";
:vpi_module "/usr/local/Cellar/icarus-verilog/11.0/lib/ivl/vhdl_sys.vpi";
:vpi_module "/usr/local/Cellar/icarus-verilog/11.0/lib/ivl/vhdl_textio.vpi";
:vpi_module "/usr/local/Cellar/icarus-verilog/11.0/lib/ivl/v2005_math.vpi";
:vpi_module "/usr/local/Cellar/icarus-verilog/11.0/lib/ivl/va_math.vpi";
S_0x7f9ffc105490 .scope module, "rails" "rails" 2 1;
 .timescale 0 0;
    .port_info 0 /INPUT 1 "clk";
    .port_info 1 /INPUT 1 "reset";
    .port_info 2 /INPUT 4 "data";
    .port_info 3 /OUTPUT 1 "valid";
    .port_info 4 /OUTPUT 1 "result";
P_0x7f9ffc1116a0 .param/l "IDLE" 0 2 16, C4<00>;
P_0x7f9ffc1116e0 .param/l "OUT" 0 2 19, C4<11>;
P_0x7f9ffc111720 .param/l "PROC" 0 2 18, C4<10>;
P_0x7f9ffc111760 .param/l "READ" 0 2 17, C4<01>;
v0x7f9ffc111fe0_0 .array/port v0x7f9ffc111fe0, 0;
L_0x7f9ffc126d00 .functor BUFZ 4, v0x7f9ffc111fe0_0, C4<0000>, C4<0000>, C4<0000>;
v0x7f9ffc111fe0 .array "buff", 10 0, 3 0;
o0x7f9ffc232218 .functor BUFZ 1, C4<z>; HiZ drive
v0x7f9ffc1263f0_0 .net "clk", 0 0, o0x7f9ffc232218;  0 drivers
v0x7f9ffc126490_0 .var "cnt", 3 0;
v0x7f9ffc126530_0 .var "cur_state", 1 0;
o0x7f9ffc2322a8 .functor BUFZ 4, C4<zzzz>; HiZ drive
v0x7f9ffc1265e0_0 .net "data", 3 0, o0x7f9ffc2322a8;  0 drivers
v0x7f9ffc1266d0_0 .var/i "i", 31 0;
v0x7f9ffc126780_0 .var "index", 3 0;
v0x7f9ffc126830_0 .var "max", 3 0;
v0x7f9ffc1268e0_0 .var "next_state", 1 0;
v0x7f9ffc1269f0_0 .net "num", 3 0, L_0x7f9ffc126d00;  1 drivers
o0x7f9ffc2323c8 .functor BUFZ 1, C4<z>; HiZ drive
v0x7f9ffc126aa0_0 .net "reset", 0 0, o0x7f9ffc2323c8;  0 drivers
v0x7f9ffc126b40_0 .var "result", 0 0;
v0x7f9ffc126be0_0 .var "valid", 0 0;
E_0x7f9ffc111f70 .event posedge, v0x7f9ffc126aa0_0, v0x7f9ffc1263f0_0;
E_0x7f9ffc111510/0 .event edge, v0x7f9ffc126530_0, v0x7f9ffc126490_0, v0x7f9ffc1269f0_0, v0x7f9ffc111fe0_0;
v0x7f9ffc111fe0_1 .array/port v0x7f9ffc111fe0, 1;
v0x7f9ffc111fe0_2 .array/port v0x7f9ffc111fe0, 2;
v0x7f9ffc111fe0_3 .array/port v0x7f9ffc111fe0, 3;
v0x7f9ffc111fe0_4 .array/port v0x7f9ffc111fe0, 4;
E_0x7f9ffc111510/1 .event edge, v0x7f9ffc111fe0_1, v0x7f9ffc111fe0_2, v0x7f9ffc111fe0_3, v0x7f9ffc111fe0_4;
v0x7f9ffc111fe0_5 .array/port v0x7f9ffc111fe0, 5;
v0x7f9ffc111fe0_6 .array/port v0x7f9ffc111fe0, 6;
v0x7f9ffc111fe0_7 .array/port v0x7f9ffc111fe0, 7;
v0x7f9ffc111fe0_8 .array/port v0x7f9ffc111fe0, 8;
E_0x7f9ffc111510/2 .event edge, v0x7f9ffc111fe0_5, v0x7f9ffc111fe0_6, v0x7f9ffc111fe0_7, v0x7f9ffc111fe0_8;
v0x7f9ffc111fe0_9 .array/port v0x7f9ffc111fe0, 9;
v0x7f9ffc111fe0_10 .array/port v0x7f9ffc111fe0, 10;
E_0x7f9ffc111510/3 .event edge, v0x7f9ffc111fe0_9, v0x7f9ffc111fe0_10, v0x7f9ffc126830_0, v0x7f9ffc126780_0;
E_0x7f9ffc111510 .event/or E_0x7f9ffc111510/0, E_0x7f9ffc111510/1, E_0x7f9ffc111510/2, E_0x7f9ffc111510/3;
    .scope S_0x7f9ffc105490;
T_0 ;
    %wait E_0x7f9ffc111f70;
    %load/vec4 v0x7f9ffc126aa0_0;
    %flag_set/vec4 8;
    %jmp/0xz  T_0.0, 8;
    %pushi/vec4 0, 0, 2;
    %assign/vec4 v0x7f9ffc126530_0, 0;
    %jmp T_0.1;
T_0.0 ;
    %load/vec4 v0x7f9ffc1268e0_0;
    %assign/vec4 v0x7f9ffc126530_0, 0;
T_0.1 ;
    %jmp T_0;
    .thread T_0;
    .scope S_0x7f9ffc105490;
T_1 ;
    %wait E_0x7f9ffc111510;
    %load/vec4 v0x7f9ffc126530_0;
    %dup/vec4;
    %pushi/vec4 0, 0, 2;
    %cmp/u;
    %jmp/1 T_1.0, 6;
    %dup/vec4;
    %pushi/vec4 1, 0, 2;
    %cmp/u;
    %jmp/1 T_1.1, 6;
    %dup/vec4;
    %pushi/vec4 2, 0, 2;
    %cmp/u;
    %jmp/1 T_1.2, 6;
    %dup/vec4;
    %pushi/vec4 3, 0, 2;
    %cmp/u;
    %jmp/1 T_1.3, 6;
    %jmp T_1.4;
T_1.0 ;
    %pushi/vec4 1, 0, 2;
    %store/vec4 v0x7f9ffc1268e0_0, 0, 2;
    %jmp T_1.4;
T_1.1 ;
    %load/vec4 v0x7f9ffc126490_0;
    %load/vec4 v0x7f9ffc1269f0_0;
    %cmp/e;
    %jmp/0xz  T_1.5, 4;
    %pushi/vec4 2, 0, 2;
    %store/vec4 v0x7f9ffc1268e0_0, 0, 2;
    %jmp T_1.6;
T_1.5 ;
    %pushi/vec4 1, 0, 2;
    %store/vec4 v0x7f9ffc1268e0_0, 0, 2;
T_1.6 ;
    %jmp T_1.4;
T_1.2 ;
    %load/vec4 v0x7f9ffc126830_0;
    %load/vec4 v0x7f9ffc126490_0;
    %pad/u 5;
    %ix/vec4 4;
    %load/vec4a v0x7f9ffc111fe0, 4;
    %cmp/u;
    %flag_mov 8, 5;
    %load/vec4 v0x7f9ffc126490_0;
    %pad/u 5;
    %ix/vec4 4;
    %load/vec4a v0x7f9ffc111fe0, 4;
    %load/vec4 v0x7f9ffc126780_0;
    %cmp/e;
    %flag_or 4, 8;
    %jmp/0xz  T_1.7, 4;
    %pushi/vec4 2, 0, 2;
    %store/vec4 v0x7f9ffc1268e0_0, 0, 2;
    %jmp T_1.8;
T_1.7 ;
    %load/vec4 v0x7f9ffc126490_0;
    %load/vec4 v0x7f9ffc1269f0_0;
    %cmp/e;
    %flag_get/vec4 4;
    %load/vec4 v0x7f9ffc126830_0;
    %load/vec4 v0x7f9ffc126490_0;
    %pad/u 5;
    %ix/vec4 4;
    %load/vec4a v0x7f9ffc111fe0, 4;
    %cmp/u;
    %flag_get/vec4 5;
    %load/vec4 v0x7f9ffc126490_0;
    %pad/u 5;
    %ix/vec4 4;
    %load/vec4a v0x7f9ffc111fe0, 4;
    %load/vec4 v0x7f9ffc126780_0;
    %cmp/e;
    %flag_get/vec4 4;
    %or;
    %load/vec4 v0x7f9ffc126490_0;
    %pad/u 5;
    %ix/vec4 4;
    %load/vec4a v0x7f9ffc111fe0, 4;
    %pushi/vec4 0, 0, 4;
    %cmp/e;
    %flag_get/vec4 4;
    %or;
    %and;
    %flag_set/vec4 8;
    %jmp/0xz  T_1.9, 8;
    %pushi/vec4 3, 0, 2;
    %store/vec4 v0x7f9ffc1268e0_0, 0, 2;
    %jmp T_1.10;
T_1.9 ;
    %pushi/vec4 3, 0, 2;
    %store/vec4 v0x7f9ffc1268e0_0, 0, 2;
T_1.10 ;
T_1.8 ;
    %jmp T_1.4;
T_1.3 ;
    %pushi/vec4 0, 0, 2;
    %store/vec4 v0x7f9ffc1268e0_0, 0, 2;
    %jmp T_1.4;
T_1.4 ;
    %pop/vec4 1;
    %jmp T_1;
    .thread T_1, $push;
    .scope S_0x7f9ffc105490;
T_2 ;
    %wait E_0x7f9ffc111f70;
    %load/vec4 v0x7f9ffc126aa0_0;
    %flag_set/vec4 8;
    %jmp/0xz  T_2.0, 8;
    %pushi/vec4 0, 0, 4;
    %assign/vec4 v0x7f9ffc126490_0, 0;
    %pushi/vec4 0, 0, 1;
    %assign/vec4 v0x7f9ffc126be0_0, 0;
    %pushi/vec4 0, 0, 1;
    %assign/vec4 v0x7f9ffc126b40_0, 0;
    %pushi/vec4 0, 0, 4;
    %assign/vec4 v0x7f9ffc126830_0, 0;
    %pushi/vec4 0, 0, 4;
    %assign/vec4 v0x7f9ffc126780_0, 0;
    %pushi/vec4 0, 0, 32;
    %store/vec4 v0x7f9ffc1266d0_0, 0, 32;
T_2.2 ;
    %load/vec4 v0x7f9ffc1266d0_0;
    %cmpi/s 10, 0, 32;
    %jmp/0xz T_2.3, 5;
    %pushi/vec4 0, 0, 4;
    %ix/getv/s 3, v0x7f9ffc1266d0_0;
    %ix/load 4, 0, 0; Constant delay
    %assign/vec4/a/d v0x7f9ffc111fe0, 0, 4;
    %load/vec4 v0x7f9ffc1266d0_0;
    %addi 1, 0, 32;
    %store/vec4 v0x7f9ffc1266d0_0, 0, 32;
    %jmp T_2.2;
T_2.3 ;
    %jmp T_2.1;
T_2.0 ;
    %load/vec4 v0x7f9ffc126530_0;
    %dup/vec4;
    %pushi/vec4 1, 0, 2;
    %cmp/u;
    %jmp/1 T_2.4, 6;
    %dup/vec4;
    %pushi/vec4 2, 0, 2;
    %cmp/u;
    %jmp/1 T_2.5, 6;
    %dup/vec4;
    %pushi/vec4 3, 0, 2;
    %cmp/u;
    %jmp/1 T_2.6, 6;
    %jmp T_2.7;
T_2.4 ;
    %load/vec4 v0x7f9ffc1265e0_0;
    %load/vec4 v0x7f9ffc126490_0;
    %pad/u 5;
    %ix/vec4 3;
    %ix/load 4, 0, 0; Constant delay
    %assign/vec4/a/d v0x7f9ffc111fe0, 0, 4;
    %load/vec4 v0x7f9ffc126490_0;
    %load/vec4 v0x7f9ffc1269f0_0;
    %cmp/e;
    %jmp/0xz  T_2.8, 4;
    %pushi/vec4 2, 0, 4;
    %assign/vec4 v0x7f9ffc126490_0, 0;
    %ix/load 4, 1, 0;
    %flag_set/imm 4, 0;
    %load/vec4a v0x7f9ffc111fe0, 4;
    %subi 1, 0, 4;
    %assign/vec4 v0x7f9ffc126780_0, 0;
    %ix/load 4, 1, 0;
    %flag_set/imm 4, 0;
    %load/vec4a v0x7f9ffc111fe0, 4;
    %assign/vec4 v0x7f9ffc126830_0, 0;
    %jmp T_2.9;
T_2.8 ;
    %load/vec4 v0x7f9ffc126490_0;
    %addi 1, 0, 4;
    %assign/vec4 v0x7f9ffc126490_0, 0;
T_2.9 ;
    %jmp T_2.7;
T_2.5 ;
    %load/vec4 v0x7f9ffc126490_0;
    %load/vec4 v0x7f9ffc1269f0_0;
    %cmp/e;
    %jmp/0xz  T_2.10, 4;
    %pushi/vec4 0, 0, 4;
    %assign/vec4 v0x7f9ffc126490_0, 0;
    %jmp T_2.11;
T_2.10 ;
    %load/vec4 v0x7f9ffc126490_0;
    %addi 1, 0, 4;
    %assign/vec4 v0x7f9ffc126490_0, 0;
T_2.11 ;
    %load/vec4 v0x7f9ffc126830_0;
    %load/vec4 v0x7f9ffc126490_0;
    %pad/u 5;
    %ix/vec4 4;
    %load/vec4a v0x7f9ffc111fe0, 4;
    %cmp/u;
    %jmp/0xz  T_2.12, 5;
    %load/vec4 v0x7f9ffc126490_0;
    %pad/u 5;
    %ix/vec4 4;
    %load/vec4a v0x7f9ffc111fe0, 4;
    %assign/vec4 v0x7f9ffc126830_0, 0;
T_2.12 ;
    %load/vec4 v0x7f9ffc126780_0;
    %load/vec4 v0x7f9ffc126490_0;
    %pad/u 5;
    %ix/vec4 4;
    %load/vec4a v0x7f9ffc111fe0, 4;
    %cmp/e;
    %jmp/0xz  T_2.14, 4;
    %load/vec4 v0x7f9ffc126780_0;
    %subi 1, 0, 4;
    %assign/vec4 v0x7f9ffc126780_0, 0;
T_2.14 ;
    %jmp T_2.7;
T_2.6 ;
    %pushi/vec4 1, 0, 1;
    %assign/vec4 v0x7f9ffc126be0_0, 0;
    %load/vec4 v0x7f9ffc126490_0;
    %load/vec4 v0x7f9ffc1269f0_0;
    %cmp/e;
    %flag_get/vec4 4;
    %load/vec4 v0x7f9ffc126830_0;
    %load/vec4 v0x7f9ffc126490_0;
    %pad/u 5;
    %ix/vec4 4;
    %load/vec4a v0x7f9ffc111fe0, 4;
    %cmp/u;
    %flag_get/vec4 5;
    %load/vec4 v0x7f9ffc126490_0;
    %pad/u 5;
    %ix/vec4 4;
    %load/vec4a v0x7f9ffc111fe0, 4;
    %load/vec4 v0x7f9ffc126780_0;
    %cmp/e;
    %flag_get/vec4 4;
    %or;
    %load/vec4 v0x7f9ffc126490_0;
    %pad/u 5;
    %ix/vec4 4;
    %load/vec4a v0x7f9ffc111fe0, 4;
    %pushi/vec4 0, 0, 4;
    %cmp/e;
    %flag_get/vec4 4;
    %or;
    %and;
    %flag_set/vec4 8;
    %jmp/0xz  T_2.16, 8;
    %pushi/vec4 1, 0, 1;
    %assign/vec4 v0x7f9ffc126b40_0, 0;
    %jmp T_2.17;
T_2.16 ;
    %pushi/vec4 0, 0, 1;
    %assign/vec4 v0x7f9ffc126b40_0, 0;
T_2.17 ;
    %jmp T_2.7;
T_2.7 ;
    %pop/vec4 1;
T_2.1 ;
    %jmp T_2;
    .thread T_2;
# The file index is used to find the file name in the following table.
:file_names 3;
    "N/A";
    "<interactive>";
    "rails.v";
